# JRE version: OpenJDK Runtime Environment Homebrew (11.0.26) (build 11.0.26+0)
# Java VM: OpenJDK 64-Bit Server VM Homebrew (11.0.26+0, mixed mode, tiered, compressed oops, g1 gc, bsd-aarch64)
Heap:
 garbage-first heap   total 976896K, used 506916K [0x00000005c0000000, 0x00000007c0000000)
  region size 2048K, 175 young (358400K), 28 survivors (57344K)
 Metaspace       used 24583K, capacity 25151K, committed 25344K, reserved 1071104K
  class space    used 2561K, capacity 2780K, committed 2816K, reserved 1048576K
GC Heap History (20 events):
Event: 0.411 GC heap before
{Heap before GC invocations=1 (full 0):
 garbage-first heap   total 524288K, used 26970K [0x00000005c0000000, 0x00000007c0000000)
  region size 2048K, 12 young (24576K), 2 survivors (4096K)
 Metaspace       used 18989K, capacity 19400K, committed 19712K, reserved 1067008K
  class space    used 2000K, capacity 2186K, committed 2304K, reserved 1048576K
}
Event: 0.416 GC heap after
{Heap after GC invocations=2 (full 0):
 garbage-first heap   total 524288K, used 10689K [0x00000005c0000000, 0x00000007c0000000)
  region size 2048K, 2 young (4096K), 2 survivors (4096K)
 Metaspace       used 18989K, capacity 19400K, committed 19712K, reserved 1067008K
  class space    used 2000K, capacity 2186K, committed 2304K, reserved 1048576K
}
Event: 0.625 GC heap before
{Heap before GC invocations=2 (full 0):
 garbage-first heap   total 524288K, used 57793K [0x00000005c0000000, 0x00000007c0000000)
  region size 2048K, 25 young (51200K), 2 survivors (4096K)
 Metaspace       used 19719K, capacity 20077K, committed 20224K, reserved 1067008K
  class space    used 2020K, capacity 2190K, committed 2304K, reserved 1048576K
}
Event: 0.629 GC heap after
{Heap after GC invocations=3 (full 0):
 garbage-first heap   total 524288K, used 19333K [0x00000005c0000000, 0x00000007c0000000)
  region size 2048K, 4 young (8192K), 4 survivors (8192K)
 Metaspace       used 19719K, capacity 20077K, committed 20224K, reserved 1067008K
  class space    used 2020K, capacity 2190K, committed 2304K, reserved 1048576K
}
Event: 0.764 GC heap before
{Heap before GC invocations=3 (full 0):
 garbage-first heap   total 524288K, used 80773K [0x00000005c0000000, 0x00000007c0000000)
  region size 2048K, 33 young (67584K), 4 survivors (8192K)
 Metaspace       used 20020K, capacity 20367K, committed 20480K, reserved 1067008K
  class space    used 2051K, capacity 2222K, committed 2304K, reserved 1048576K
}
Event: 0.772 GC heap after
{Heap after GC invocations=4 (full 0):
 garbage-first heap   total 524288K, used 27360K [0x00000005c0000000, 0x00000007c0000000)
  region size 2048K, 4 young (8192K), 4 survivors (8192K)
 Metaspace       used 20020K, capacity 20367K, committed 20480K, reserved 1067008K
  class space    used 2051K, capacity 2222K, committed 2304K, reserved 1048576K
}
Event: 0.908 GC heap before
{Heap before GC invocations=4 (full 0):
 garbage-first heap   total 524288K, used 99040K [0x00000005c0000000, 0x00000007c0000000)
  region size 2048K, 39 young (79872K), 4 survivors (8192K)
 Metaspace       used 20055K, capacity 20368K, committed 20480K, reserved 1067008K
  class space    used 2053K, capacity 2222K, committed 2304K, reserved 1048576K
}
Event: 0.915 GC heap after
{Heap after GC invocations=5 (full 0):
 garbage-first heap   total 684032K, used 37195K [0x00000005c0000000, 0x00000007c0000000)
  region size 2048K, 5 young (10240K), 5 survivors (10240K)
 Metaspace       used 20055K, capacity 20368K, committed 20480K, reserved 1067008K
  class space    used 2053K, capacity 2222K, committed 2304K, reserved 1048576K
}
Event: 1.028 GC heap before
{Heap before GC invocations=5 (full 0):
 garbage-first heap   total 684032K, used 80203K [0x00000005c0000000, 0x00000007c0000000)
  region size 2048K, 27 young (55296K), 5 survivors (10240K)
 Metaspace       used 20682K, capacity 21077K, committed 21248K, reserved 1069056K
  class space    used 2126K, capacity 2292K, committed 2304K, reserved 1048576K
}
Event: 1.032 GC heap after
{Heap after GC invocations=6 (full 0):
 garbage-first heap   total 684032K, used 42903K [0x00000005c0000000, 0x00000007c0000000)
  region size 2048K, 3 young (6144K), 3 survivors (6144K)
 Metaspace       used 20682K, capacity 21077K, committed 21248K, reserved 1069056K
  class space    used 2126K, capacity 2292K, committed 2304K, reserved 1048576K
}
Event: 1.093 GC heap before
{Heap before GC invocations=7 (full 0):
 garbage-first heap   total 684032K, used 167831K [0x00000005c0000000, 0x00000007c0000000)
  region size 2048K, 64 young (131072K), 3 survivors (6144K)
 Metaspace       used 20707K, capacity 21109K, committed 21376K, reserved 1069056K
  class space    used 2129K, capacity 2324K, committed 2432K, reserved 1048576K
}
Event: 1.098 GC heap after
{Heap after GC invocations=8 (full 0):
 garbage-first heap   total 684032K, used 49643K [0x00000005c0000000, 0x00000007c0000000)
  region size 2048K, 7 young (14336K), 7 survivors (14336K)
 Metaspace       used 20707K, capacity 21109K, committed 21376K, reserved 1069056K
  class space    used 2129K, capacity 2324K, committed 2432K, reserved 1048576K
}
Event: 1.166 GC heap before
{Heap before GC invocations=8 (full 0):
 garbage-first heap   total 684032K, used 260587K [0x00000005c0000000, 0x00000007c0000000)
  region size 2048K, 109 young (223232K), 7 survivors (14336K)
 Metaspace       used 20783K, capacity 21186K, committed 21376K, reserved 1069056K
  class space    used 2140K, capacity 2327K, committed 2432K, reserved 1048576K
}
Event: 1.176 GC heap after
{Heap after GC invocations=9 (full 0):
 garbage-first heap   total 684032K, used 63041K [0x00000005c0000000, 0x00000007c0000000)
  region size 2048K, 12 young (24576K), 12 survivors (24576K)
 Metaspace       used 20783K, capacity 21186K, committed 21376K, reserved 1069056K
  class space    used 2140K, capacity 2327K, committed 2432K, reserved 1048576K
}
Event: 1.331 GC heap before
{Heap before GC invocations=9 (full 0):
 garbage-first heap   total 684032K, used 452161K [0x00000005c0000000, 0x00000007c0000000)
  region size 2048K, 200 young (409600K), 12 survivors (24576K)
 Metaspace       used 21115K, capacity 21570K, committed 21632K, reserved 1069056K
  class space    used 2196K, capacity 2391K, committed 2432K, reserved 1048576K
}
Event: 1.349 GC heap after
{Heap after GC invocations=10 (full 0):
 garbage-first heap   total 976896K, used 87128K [0x00000005c0000000, 0x00000007c0000000)
  region size 2048K, 22 young (45056K), 22 survivors (45056K)
 Metaspace       used 21115K, capacity 21570K, committed 21632K, reserved 1069056K
  class space    used 2196K, capacity 2391K, committed 2432K, reserved 1048576K
}
Event: 2.296 GC heap before
{Heap before GC invocations=10 (full 0):
 garbage-first heap   total 976896K, used 635992K [0x00000005c0000000, 0x00000007c0000000)
  region size 2048K, 286 young (585728K), 22 survivors (45056K)
 Metaspace       used 23418K, capacity 23899K, committed 24192K, reserved 1071104K
  class space    used 2416K, capacity 2613K, committed 2688K, reserved 1048576K
}
Event: 2.325 GC heap after
{Heap after GC invocations=11 (full 0):
 garbage-first heap   total 976896K, used 140652K [0x00000005c0000000, 0x00000007c0000000)
  region size 2048K, 36 young (73728K), 36 survivors (73728K)
 Metaspace       used 23418K, capacity 23899K, committed 24192K, reserved 1071104K
  class space    used 2416K, capacity 2613K, committed 2688K, reserved 1048576K
}
Event: 2.713 GC heap before
{Heap before GC invocations=11 (full 0):
 garbage-first heap   total 976896K, used 515436K [0x00000005c0000000, 0x00000007c0000000)
  region size 2048K, 220 young (450560K), 36 survivors (73728K)
 Metaspace       used 23697K, capacity 24178K, committed 24448K, reserved 1071104K
  class space    used 2439K, capacity 2621K, committed 2688K, reserved 1048576K
}
Event: 2.752 GC heap after
{Heap after GC invocations=12 (full 0):
 garbage-first heap   total 976896K, used 203812K [0x00000005c0000000, 0x00000007c0000000)
  region size 2048K, 28 young (57344K), 28 survivors (57344K)
 Metaspace       used 23697K, capacity 24178K, committed 24448K, reserved 1071104K
  class space    used 2439K, capacity 2621K, committed 2688K, reserved 1048576K
}

